<?xml version="1.0" encoding="UTF-8"?>
<!-- Generated by org.testng.reporters.JUnitReportReporter -->
<testsuite hostname="MSI" failures="0" tests="1" name="com.w3schools.tests.CertificateTest" time="24.221" errors="0" timestamp="2023-08-22T18:38:56 IST" skipped="0">
  <testcase classname="com.w3schools.tests.CertificateTest" name="certificates" time="24.221"/>
  <system-out/>
</testsuite> <!-- com.w3schools.tests.CertificateTest -->
