<?xml version="1.0" encoding="UTF-8"?>
<!-- Generated by org.testng.reporters.JUnitReportReporter -->
<testsuite hostname="MSI" failures="0" tests="1" name="com.w3schools.tests.ProfileTest" time="21.949" errors="0" timestamp="2023-08-25T09:20:05 IST" skipped="0">
  <testcase classname="com.w3schools.tests.ProfileTest" name="profilePage" time="21.949"/>
  <system-out/>
</testsuite> <!-- com.w3schools.tests.ProfileTest -->
