<?xml version="1.0" encoding="UTF-8"?>
<!-- Generated by org.testng.reporters.JUnitReportReporter -->
<testsuite hostname="MSI" failures="0" tests="1" name="com.w3schools.tests.BrowserTest" time="20.573" errors="0" timestamp="2023-08-22T18:39:29 IST" skipped="0">
  <testcase classname="com.w3schools.tests.BrowserTest" name="browseTutorials" time="20.573"/>
  <system-out/>
</testsuite> <!-- com.w3schools.tests.BrowserTest -->
