<?xml version="1.0" encoding="UTF-8"?>
<!-- Generated by org.testng.reporters.JUnitReportReporter -->
<testsuite hostname="MSI" failures="0" tests="1" name="com.w3schools.tests.ExerciseTest" time="34.377" errors="0" timestamp="2023-08-24T15:54:45 IST" skipped="0">
  <testcase classname="com.w3schools.tests.ExerciseTest" name="ExercisePage" time="34.377"/>
  <system-out/>
</testsuite> <!-- com.w3schools.tests.ExerciseTest -->
