<?xml version="1.0" encoding="UTF-8"?>
<!-- Generated by org.testng.reporters.JUnitReportReporter -->
<testsuite hostname="MSI" failures="0" tests="1" name="com.w3schools.tests.LoginTest" time="23.245" errors="0" timestamp="2023-08-19T10:43:07 IST" skipped="0">
  <testcase classname="com.w3schools.tests.LoginTest" name="loginWithValidCredentials" time="23.245"/>
  <system-out/>
</testsuite> <!-- com.w3schools.tests.LoginTest -->
