<?xml version="1.0" encoding="UTF-8"?>
<!-- Generated by org.testng.reporters.JUnitReportReporter -->
<testsuite hostname="MSI" failures="0" tests="1" name="com.w3schools.tests.LoginTest" time="2.341" errors="0" timestamp="2023-08-18T11:05:23 IST" skipped="0">
  <testcase classname="com.w3schools.tests.LoginTest" name="loginWithValidCredentials" time="2.341"/>
  <system-out/>
</testsuite> <!-- com.w3schools.tests.LoginTest -->
