<?xml version="1.0" encoding="UTF-8"?>
<!-- Generated by org.testng.reporters.JUnitReportReporter -->
<testsuite hostname="MSI" failures="0" tests="1" name="com.w3schools.tests.profile" time="21.120" errors="0" timestamp="2023-08-22T09:18:56 IST" skipped="0">
  <testcase classname="com.w3schools.tests.profile" name="profilePage" time="21.120"/>
  <system-out/>
</testsuite> <!-- com.w3schools.tests.profile -->
